-- Logs begin at Mon 2026-02-16 12:26:10 UTC, end at Tue 2026-04-07 00:31:46 UTC. --
Apr 06 22:25:55 dfc node[4069302]:     at async NextNodeServer.renderPageComponent (/opt/aba-system/node_modules/next/dist/server/base-server.js:1494:24)
Apr 06 22:25:55 dfc node[4069302]:     at async NextNodeServer.renderToResponseImpl (/opt/aba-system/node_modules/next/dist/server/base-server.js:1544:32)
Apr 06 22:25:55 dfc node[4069302]:     at async NextNodeServer.pipeImpl (/opt/aba-system/node_modules/next/dist/server/base-server.js:1038:25)
Apr 06 22:25:55 dfc node[4069302]:     at async NextNodeServer.handleCatchallRenderRequest (/opt/aba-system/node_modules/next/dist/server/next-server.js:395:17)
Apr 06 22:25:55 dfc node[4069302]:     at async NextNodeServer.handleRequestImpl (/opt/aba-system/node_modules/next/dist/server/base-server.js:929:17)
Apr 06 22:25:55 dfc node[4069302]:     at async invokeRender (/opt/aba-system/node_modules/next/dist/server/lib/router-server.js:248:21)
Apr 06 22:42:47 dfc node[4069302]: [auth][error] CredentialsSignin: Read more at https://errors.authjs.dev#credentialssignin
Apr 06 22:42:47 dfc node[4069302]:     at iu (/opt/aba-system/.next/server/chunks/_e87708e8._.js:404:40929)
Apr 06 22:42:47 dfc node[4069302]:     at async i_ (/opt/aba-system/.next/server/chunks/_e87708e8._.js:404:50354)
Apr 06 22:42:47 dfc node[4069302]:     at async ik (/opt/aba-system/.next/server/chunks/_e87708e8._.js:404:54604)
Apr 06 22:42:47 dfc node[4069302]:     at async rW.do (/opt/aba-system/node_modules/next/dist/compiled/next-server/app-route-turbo.runtime.prod.js:5:20169)
Apr 06 22:42:47 dfc node[4069302]:     at async rW.handle (/opt/aba-system/node_modules/next/dist/compiled/next-server/app-route-turbo.runtime.prod.js:5:24949)
Apr 06 22:42:47 dfc node[4069302]:     at async d (/opt/aba-system/.next/server/chunks/[root-of-the-server]__5ff897e0._.js:1:4840)
Apr 06 22:42:47 dfc node[4069302]:     at async rW.handleResponse (/opt/aba-system/node_modules/next/dist/compiled/next-server/app-route-turbo.runtime.prod.js:1:104149)
Apr 06 22:42:47 dfc node[4069302]:     at async l (/opt/aba-system/.next/server/chunks/[root-of-the-server]__5ff897e0._.js:1:5881)
Apr 06 22:42:47 dfc node[4069302]:     at async Module.T (/opt/aba-system/.next/server/chunks/[root-of-the-server]__5ff897e0._.js:1:6959)
Apr 06 22:42:47 dfc node[4069302]:     at async NextNodeServer.renderToResponseWithComponentsImpl (/opt/aba-system/node_modules/next/dist/server/base-server.js:1442:9)
Apr 06 22:42:47 dfc node[4069302]:     at async NextNodeServer.renderPageComponent (/opt/aba-system/node_modules/next/dist/server/base-server.js:1494:24)
Apr 06 22:42:47 dfc node[4069302]:     at async NextNodeServer.renderToResponseImpl (/opt/aba-system/node_modules/next/dist/server/base-server.js:1544:32)
Apr 06 22:42:47 dfc node[4069302]:     at async NextNodeServer.pipeImpl (/opt/aba-system/node_modules/next/dist/server/base-server.js:1038:25)
Apr 06 22:42:47 dfc node[4069302]:     at async NextNodeServer.handleCatchallRenderRequest (/opt/aba-system/node_modules/next/dist/server/next-server.js:395:17)
Apr 06 22:42:47 dfc node[4069302]:     at async NextNodeServer.handleRequestImpl (/opt/aba-system/node_modules/next/dist/server/base-server.js:929:17)
Apr 06 22:42:47 dfc node[4069302]:     at async invokeRender (/opt/aba-system/node_modules/next/dist/server/lib/router-server.js:248:21)
Apr 06 22:43:11 dfc node[4069302]: [auth][error] CredentialsSignin: Read more at https://errors.authjs.dev#credentialssignin
Apr 06 22:43:11 dfc node[4069302]:     at iu (/opt/aba-system/.next/server/chunks/_e87708e8._.js:404:40929)
Apr 06 22:43:11 dfc node[4069302]:     at async i_ (/opt/aba-system/.next/server/chunks/_e87708e8._.js:404:50354)
Apr 06 22:43:11 dfc node[4069302]:     at async ik (/opt/aba-system/.next/server/chunks/_e87708e8._.js:404:54604)
Apr 06 22:43:11 dfc node[4069302]:     at async rW.do (/opt/aba-system/node_modules/next/dist/compiled/next-server/app-route-turbo.runtime.prod.js:5:20169)
Apr 06 22:43:11 dfc node[4069302]:     at async rW.handle (/opt/aba-system/node_modules/next/dist/compiled/next-server/app-route-turbo.runtime.prod.js:5:24949)
Apr 06 22:43:11 dfc node[4069302]:     at async d (/opt/aba-system/.next/server/chunks/[root-of-the-server]__5ff897e0._.js:1:4840)
Apr 06 22:43:11 dfc node[4069302]:     at async rW.handleResponse (/opt/aba-system/node_modules/next/dist/compiled/next-server/app-route-turbo.runtime.prod.js:1:104149)
Apr 06 22:43:11 dfc node[4069302]:     at async l (/opt/aba-system/.next/server/chunks/[root-of-the-server]__5ff897e0._.js:1:5881)
Apr 06 22:43:11 dfc node[4069302]:     at async Module.T (/opt/aba-system/.next/server/chunks/[root-of-the-server]__5ff897e0._.js:1:6959)
Apr 06 22:43:11 dfc node[4069302]:     at async NextNodeServer.renderToResponseWithComponentsImpl (/opt/aba-system/node_modules/next/dist/server/base-server.js:1442:9)
Apr 06 22:43:11 dfc node[4069302]:     at async NextNodeServer.renderPageComponent (/opt/aba-system/node_modules/next/dist/server/base-server.js:1494:24)
Apr 06 22:43:11 dfc node[4069302]:     at async NextNodeServer.renderToResponseImpl (/opt/aba-system/node_modules/next/dist/server/base-server.js:1544:32)
Apr 06 22:43:11 dfc node[4069302]:     at async NextNodeServer.pipeImpl (/opt/aba-system/node_modules/next/dist/server/base-server.js:1038:25)
Apr 06 22:43:11 dfc node[4069302]:     at async NextNodeServer.handleCatchallRenderRequest (/opt/aba-system/node_modules/next/dist/server/next-server.js:395:17)
Apr 06 22:43:11 dfc node[4069302]:     at async NextNodeServer.handleRequestImpl (/opt/aba-system/node_modules/next/dist/server/base-server.js:929:17)
Apr 06 22:43:11 dfc node[4069302]:     at async invokeRender (/opt/aba-system/node_modules/next/dist/server/lib/router-server.js:248:21)
Apr 06 22:51:56 dfc systemd[1]: Stopping ABA Supervision System Service...
Apr 06 22:51:56 dfc systemd[1]: aba-system.service: Succeeded.
Apr 06 22:51:56 dfc systemd[1]: Stopped ABA Supervision System Service.
Apr 06 22:51:56 dfc systemd[1]: Started ABA Supervision System Service.
Apr 06 22:51:57 dfc node[4082325]: ▲ Next.js 16.1.6
Apr 06 22:51:57 dfc node[4082325]: - Local:         http://localhost:3000
Apr 06 22:51:57 dfc node[4082325]: - Network:       http://192.168.73.100:3000
Apr 06 22:51:57 dfc node[4082325]: ✓ Starting...
Apr 06 22:51:58 dfc node[4082325]: ✓ Ready in 1926ms
Apr 06 22:57:45 dfc node[4082325]: [auth][error] CredentialsSignin: Read more at https://errors.authjs.dev#credentialssignin
Apr 06 22:57:45 dfc node[4082325]:     at iu (/opt/aba-system/.next/server/chunks/_e87708e8._.js:404:40929)
Apr 06 22:57:45 dfc node[4082325]:     at async i_ (/opt/aba-system/.next/server/chunks/_e87708e8._.js:404:50354)
Apr 06 22:57:45 dfc node[4082325]:     at async ik (/opt/aba-system/.next/server/chunks/_e87708e8._.js:404:54604)
Apr 06 22:57:45 dfc node[4082325]:     at async rW.do (/opt/aba-system/node_modules/next/dist/compiled/next-server/app-route-turbo.runtime.prod.js:5:20169)
Apr 06 22:57:45 dfc node[4082325]:     at async rW.handle (/opt/aba-system/node_modules/next/dist/compiled/next-server/app-route-turbo.runtime.prod.js:5:24949)
Apr 06 22:57:45 dfc node[4082325]:     at async d (/opt/aba-system/.next/server/chunks/[root-of-the-server]__5ff897e0._.js:1:4840)
Apr 06 22:57:45 dfc node[4082325]:     at async rW.handleResponse (/opt/aba-system/node_modules/next/dist/compiled/next-server/app-route-turbo.runtime.prod.js:1:104149)
Apr 06 22:57:45 dfc node[4082325]:     at async l (/opt/aba-system/.next/server/chunks/[root-of-the-server]__5ff897e0._.js:1:5881)
Apr 06 22:57:45 dfc node[4082325]:     at async Module.T (/opt/aba-system/.next/server/chunks/[root-of-the-server]__5ff897e0._.js:1:6959)
Apr 06 22:57:45 dfc node[4082325]:     at async NextNodeServer.renderToResponseWithComponentsImpl (/opt/aba-system/node_modules/next/dist/server/base-server.js:1442:9)
Apr 06 22:57:45 dfc node[4082325]:     at async NextNodeServer.renderPageComponent (/opt/aba-system/node_modules/next/dist/server/base-server.js:1494:24)
Apr 06 22:57:45 dfc node[4082325]:     at async NextNodeServer.renderToResponseImpl (/opt/aba-system/node_modules/next/dist/server/base-server.js:1544:32)
Apr 06 22:57:45 dfc node[4082325]:     at async NextNodeServer.pipeImpl (/opt/aba-system/node_modules/next/dist/server/base-server.js:1038:25)
Apr 06 22:57:45 dfc node[4082325]:     at async NextNodeServer.handleCatchallRenderRequest (/opt/aba-system/node_modules/next/dist/server/next-server.js:395:17)
Apr 06 22:57:45 dfc node[4082325]:     at async NextNodeServer.handleRequestImpl (/opt/aba-system/node_modules/next/dist/server/base-server.js:929:17)
Apr 06 22:57:45 dfc node[4082325]:     at async invokeRender (/opt/aba-system/node_modules/next/dist/server/lib/router-server.js:248:21)
Apr 07 00:26:39 dfc node[4082325]: [auth][error] CredentialsSignin: Read more at https://errors.authjs.dev#credentialssignin
Apr 07 00:26:39 dfc node[4082325]:     at iu (/opt/aba-system/.next/server/chunks/_e87708e8._.js:404:40929)
Apr 07 00:26:39 dfc node[4082325]:     at async i_ (/opt/aba-system/.next/server/chunks/_e87708e8._.js:404:50354)
Apr 07 00:26:39 dfc node[4082325]:     at async ik (/opt/aba-system/.next/server/chunks/_e87708e8._.js:404:54604)
Apr 07 00:26:39 dfc node[4082325]:     at async rW.do (/opt/aba-system/node_modules/next/dist/compiled/next-server/app-route-turbo.runtime.prod.js:5:20169)
Apr 07 00:26:39 dfc node[4082325]:     at async rW.handle (/opt/aba-system/node_modules/next/dist/compiled/next-server/app-route-turbo.runtime.prod.js:5:24949)
Apr 07 00:26:39 dfc node[4082325]:     at async d (/opt/aba-system/.next/server/chunks/[root-of-the-server]__5ff897e0._.js:1:4840)
Apr 07 00:26:39 dfc node[4082325]:     at async rW.handleResponse (/opt/aba-system/node_modules/next/dist/compiled/next-server/app-route-turbo.runtime.prod.js:1:104149)
Apr 07 00:26:39 dfc node[4082325]:     at async l (/opt/aba-system/.next/server/chunks/[root-of-the-server]__5ff897e0._.js:1:5881)
Apr 07 00:26:39 dfc node[4082325]:     at async Module.T (/opt/aba-system/.next/server/chunks/[root-of-the-server]__5ff897e0._.js:1:6959)
Apr 07 00:26:39 dfc node[4082325]:     at async NextNodeServer.renderToResponseWithComponentsImpl (/opt/aba-system/node_modules/next/dist/server/base-server.js:1442:9)
Apr 07 00:26:39 dfc node[4082325]:     at async NextNodeServer.renderPageComponent (/opt/aba-system/node_modules/next/dist/server/base-server.js:1494:24)
Apr 07 00:26:39 dfc node[4082325]:     at async NextNodeServer.renderToResponseImpl (/opt/aba-system/node_modules/next/dist/server/base-server.js:1544:32)
Apr 07 00:26:39 dfc node[4082325]:     at async NextNodeServer.pipeImpl (/opt/aba-system/node_modules/next/dist/server/base-server.js:1038:25)
Apr 07 00:26:39 dfc node[4082325]:     at async NextNodeServer.handleCatchallRenderRequest (/opt/aba-system/node_modules/next/dist/server/next-server.js:395:17)
Apr 07 00:26:39 dfc node[4082325]:     at async NextNodeServer.handleRequestImpl (/opt/aba-system/node_modules/next/dist/server/base-server.js:929:17)
Apr 07 00:26:39 dfc node[4082325]:     at async invokeRender (/opt/aba-system/node_modules/next/dist/server/lib/router-server.js:248:21)
Apr 07 00:26:56 dfc node[4082325]: [auth][error] CredentialsSignin: Read more at https://errors.authjs.dev#credentialssignin
Apr 07 00:26:56 dfc node[4082325]:     at iu (/opt/aba-system/.next/server/chunks/_e87708e8._.js:404:40929)
Apr 07 00:26:56 dfc node[4082325]:     at async i_ (/opt/aba-system/.next/server/chunks/_e87708e8._.js:404:50354)
Apr 07 00:26:56 dfc node[4082325]:     at async ik (/opt/aba-system/.next/server/chunks/_e87708e8._.js:404:54604)
Apr 07 00:26:56 dfc node[4082325]:     at async rW.do (/opt/aba-system/node_modules/next/dist/compiled/next-server/app-route-turbo.runtime.prod.js:5:20169)
Apr 07 00:26:56 dfc node[4082325]:     at async rW.handle (/opt/aba-system/node_modules/next/dist/compiled/next-server/app-route-turbo.runtime.prod.js:5:24949)
Apr 07 00:26:56 dfc node[4082325]:     at async d (/opt/aba-system/.next/server/chunks/[root-of-the-server]__5ff897e0._.js:1:4840)
Apr 07 00:26:56 dfc node[4082325]:     at async rW.handleResponse (/opt/aba-system/node_modules/next/dist/compiled/next-server/app-route-turbo.runtime.prod.js:1:104149)
Apr 07 00:26:56 dfc node[4082325]:     at async l (/opt/aba-system/.next/server/chunks/[root-of-the-server]__5ff897e0._.js:1:5881)
Apr 07 00:26:56 dfc node[4082325]:     at async Module.T (/opt/aba-system/.next/server/chunks/[root-of-the-server]__5ff897e0._.js:1:6959)
Apr 07 00:26:56 dfc node[4082325]:     at async NextNodeServer.renderToResponseWithComponentsImpl (/opt/aba-system/node_modules/next/dist/server/base-server.js:1442:9)
Apr 07 00:26:56 dfc node[4082325]:     at async NextNodeServer.renderPageComponent (/opt/aba-system/node_modules/next/dist/server/base-server.js:1494:24)
Apr 07 00:26:56 dfc node[4082325]:     at async NextNodeServer.renderToResponseImpl (/opt/aba-system/node_modules/next/dist/server/base-server.js:1544:32)
Apr 07 00:26:56 dfc node[4082325]:     at async NextNodeServer.pipeImpl (/opt/aba-system/node_modules/next/dist/server/base-server.js:1038:25)
Apr 07 00:26:56 dfc node[4082325]:     at async NextNodeServer.handleCatchallRenderRequest (/opt/aba-system/node_modules/next/dist/server/next-server.js:395:17)
Apr 07 00:26:56 dfc node[4082325]:     at async NextNodeServer.handleRequestImpl (/opt/aba-system/node_modules/next/dist/server/base-server.js:929:17)
Apr 07 00:26:56 dfc node[4082325]:     at async invokeRender (/opt/aba-system/node_modules/next/dist/server/lib/router-server.js:248:21)
